<?xml version="1.0" encoding="UTF-8"?>
<!-- Generated by org.testng.reporters.JUnitReportReporter -->
<testsuite hostname="MSI" failures="0" tests="1" name="testngExamples.Exp_Wd_testng" time="8.635" errors="0" timestamp="2023-08-01T22:26:00 CDT" skipped="0">
  <testcase classname="testngExamples.Exp_Wd_testng" name="tc001" time="8.635">
    <system-out>
      <![CDATA[Application opened
Login completed
OrangeHRM
Logout completed]]>
    </system-out>
  </testcase> <!-- tc001 -->
  <system-out>
    <![CDATA[Application opened
nareshit
nareshit
Application opened
Login completed
OrangeHRM
Logout completed
Application opened
Application opened
Login completed
OrangeHRM
Logout completed]]>
  </system-out>
</testsuite> <!-- testngExamples.Exp_Wd_testng -->
