<?xml version="1.0" encoding="UTF-8"?>
<!-- Generated by org.testng.reporters.JUnitReportReporter -->
<testsuite hostname="MSI" failures="0" tests="2" name="testngExamples.Exp_testng" time="0.006" errors="0" timestamp="2 Aug 2023 13:14:57 GMT">
  <testcase classname="testngExamples.Exp_testng" name="delemp" time="0.000"/>
  <testcase classname="testngExamples.Exp_testng" name="addemp" time="0.006"/>
</testsuite> <!-- testngExamples.Exp_testng -->
